TN:
SF:src\Sistema\Producto.js
FN:2,(anonymous_0)
FN:11,(anonymous_1)
FNF:2
FNH:2
FNDA:45,(anonymous_0)
FNDA:5,(anonymous_1)
DA:4,45
DA:6,45
DA:8,45
DA:12,5
DA:13,1
DA:15,4
DA:19,3
LF:7
LH:7
BRDA:12,0,0,1
BRDA:12,0,1,4
BRF:2
BRH:2
end_of_record
TN:
SF:src\Sistema\Tienda.js
FN:2,(anonymous_0)
FN:6,(anonymous_1)
FN:10,(anonymous_2)
FN:11,(anonymous_3)
FN:18,(anonymous_4)
FN:19,(anonymous_5)
FN:27,(anonymous_6)
FN:33,(anonymous_7)
FN:35,(anonymous_8)
FNF:9
FNH:9
FNDA:17,(anonymous_0)
FNDA:35,(anonymous_1)
FNDA:20,(anonymous_2)
FNDA:36,(anonymous_3)
FNDA:2,(anonymous_4)
FNDA:1,(anonymous_5)
FNDA:4,(anonymous_6)
FNDA:4,(anonymous_7)
FNDA:11,(anonymous_8)
DA:3,17
DA:7,35
DA:11,36
DA:12,20
DA:13,3
DA:15,17
DA:19,2
DA:20,2
DA:21,1
DA:23,1
DA:24,1
DA:28,4
DA:29,4
DA:30,4
DA:34,4
DA:35,4
DA:36,11
DA:37,10
DA:39,3
DA:43,4
LF:20
LH:20
BRDA:12,0,0,3
BRDA:12,0,1,17
BRDA:20,1,0,1
BRDA:20,1,1,1
BRF:4
BRH:4
end_of_record
